[2024-03-15 08:15:23] INFO: Server startup initiated
[2024-03-15 08:15:24] INFO: Loading configuration files
[2024-03-15 08:15:25] INFO: Database connection established
[2024-03-15 08:15:26] INFO: SSL certificates loaded successfully
[2024-03-15 08:15:27] INFO: Authentication module initialized
[2024-03-15 08:15:28] INFO: Server listening on port 8443
[2024-03-15 08:15:29] INFO: Health check endpoint active
[2024-03-15 08:30:45] INFO: User authentication successful - user_id: 1247
[2024-03-15 08:31:12] INFO: API request received - endpoint: /api/v1/status
[2024-03-15 08:31:13] INFO: Response sent - status: 200 OK
[2024-03-15 08:45:22] INFO: Scheduled backup initiated
[2024-03-15 08:45:55] INFO: Database backup completed successfully
[2024-03-15 09:12:33] WARN: High CPU usage detected - 78%
[2024-03-15 09:13:01] INFO: CPU usage normalized - 42%
[2024-03-15 09:25:17] INFO: User login - username: admin_user
[2024-03-15 09:25:18] INFO: Session created - session_id: 8f4a2b1c9d3e
[2024-03-15 09:30:44] INFO: File upload request received
[2024-03-15 09:30:45] INFO: File validation passed
[2024-03-15 09:30:46] INFO: File stored - filename: report_q1_2024.pdf
[2024-03-15 09:45:12] INFO: Maintenance window scheduled for 11:00 UTC
[2024-03-15 10:00:33] INFO: User logout - session terminated
[2024-03-15 10:15:28] INFO: Memory usage: 1.2GB / 4GB available
[2024-03-15 10:30:55] INFO: Cache cleanup initiated
[2024-03-15 10:31:12] INFO: Cache cleanup completed - 245MB freed
[2024-03-15 10:45:39] INFO: Security scan initiated
[2024-03-15 10:46:15] INFO: Security scan completed - no threats detected
[2024-03-15 11:00:00] INFO: Entering maintenance mode
[2024-03-15 11:00:01] INFO: Stopping web services
[2024-03-15 11:00:02] INFO: Database connections closed
[2024-03-15 11:15:22] INFO: System patches applied
[2024-03-15 11:15:45] INFO: Security updates installed
[2024-03-15 11:16:12] INFO: Configuration files updated
[2024-03-15 11:30:00] INFO: Exiting maintenance mode
[2024-03-15 11:30:01] INFO: Restarting web services
[2024-03-15 11:30:02] INFO: Database connections restored
[2024-03-15 11:30:03] INFO: System fully operational
[2024-03-15 11:45:18] INFO: Performance metrics collected
[2024-03-15 12:00:29] INFO: Automated report generation started
[2024-03-15 12:01:45] INFO: Report generation completed
[2024-03-15 12:15:33] INFO: User registration - new user created
[2024-03-15 12:15:34] INFO: Welcome email sent successfully
[2024-03-15 12:30:21] INFO: API rate limit reset - window: 1 hour
[2024-03-15 12:45:17] INFO: Log rotation initiated
[2024-03-15 12:45:18] INFO: Old logs archived - size: 2.1GB
[2024-03-15 13:00:44] INFO: Disk space check - 45% used
[2024-03-15 13:15:29] INFO: Load balancer health check passed
[2024-03-15 13:30:15] INFO: CDN cache refreshed
[2024-03-15 13:45:28] INFO: User authentication failed - invalid credentials
[2024-03-15 13:45:29] WARN: Multiple failed login attempts from IP: 192.168.1.105
[2024-03-15 13:45:30] INFO: IP temporarily blocked - duration: 30 minutes
[2024-03-15 14:00:12] INFO: Scheduled task execution started
[2024-03-15 14:00:45] INFO: Data synchronization completed
[2024-03-15 14:15:33] INFO: User profile updated - user_id: 5829
[2024-03-15 14:30:00] INFO: Encryption process initiated
[2024-03-15 14:30:01] INFO: Cryptographic module loaded
[2024-03-15 14:30:02] INFO: Key generation completed
[2024-03-15 14:30:03] INFO: Message encryption successful
[2024-03-15 14:30:04] INFO: Encrypted data stored securely
[2024-03-15 14:45:21] INFO: Background job queue processed
[2024-03-15 15:00:18] INFO: Session cleanup initiated
[2024-03-15 15:00:35] INFO: Expired sessions removed - count: 23
[2024-03-15 15:15:42] INFO: Network connectivity check passed
[2024-03-15 15:30:17] INFO: Certificate renewal reminder sent
[2024-03-15 15:45:29] INFO: System resource monitoring active
[2024-03-15 16:00:33] INFO: Backup verification completed
[2024-03-15 16:15:44] INFO: API endpoint health check passed
[2024-03-15 16:30:22] INFO: User password changed successfully
[2024-03-15 16:30:23] INFO: Security notification sent
[2024-03-15 16:45:11] INFO: Database index optimization started
[2024-03-15 16:46:28] INFO: Database optimization completed
[2024-03-15 17:00:15] INFO: Daily summary report generated
[2024-03-15 17:15:33] INFO: File cleanup process initiated
[2024-03-15 17:15:55] INFO: Temporary files removed - count: 156
[2024-03-15 17:30:28] INFO: System performance within normal parameters
[2024-03-15 17:45:19] INFO: User session extended - session_id: 2c7f8a4b1e9d
[2024-03-15 18:00:42] INFO: Evening backup initiated
[2024-03-15 18:01:15] INFO: Incremental backup completed
[2024-03-15 18:15:37] INFO: Log analysis completed - no anomalies detected
[2024-03-15 18:30:24] INFO: Service health dashboard updated
[2024-03-15 18:45:18] INFO: User notification preferences updated
[2024-03-15 19:00:31] INFO: Peak hour traffic monitoring enabled
[2024-03-15 19:15:45] INFO: Load balancing adjustments applied
[2024-03-15 19:30:22] INFO: Cache hit ratio: 89.3%
[2024-03-15 19:45:17] INFO: Security audit log generated
[2024-03-15 20:00:33] INFO: System maintenance scheduled for weekend
[2024-03-15 20:15:28] INFO: User activity report compiled
[2024-03-15 20:30:41] INFO: Database query optimization applied
[2024-03-15 20:45:19] INFO: Service uptime: 99.97%
[2024-03-15 21:00:25] INFO: Night mode configuration activated
[2024-03-15 21:15:37] INFO: Automated testing suite executed
[2024-03-15 21:16:42] INFO: All tests passed successfully
[2024-03-15 21:30:14] INFO: Resource usage metrics collected
[2024-03-15 21:45:29] INFO: End-of-day procedures initiated
[2024-03-15 22:00:33] INFO: Daily backup verification completed
[2024-03-15 22:15:28] INFO: Log compression initiated
[2024-03-15 22:15:45] INFO: Logs compressed - saved 67% space
[2024-03-15 22:30:19] INFO: System ready for overnight operations
[2024-03-15 22:45:22] INFO: Monitoring alerts configured
[2024-03-15 23:00:17] INFO: Night shift monitoring active
[2024-03-15 23:15:33] INFO: System performance stable
[2024-03-15 23:30:28] INFO: Security perimeter intact
[2024-03-15 23:45:41] INFO: Database connections optimized
[2024-03-16 00:00:00] INFO: Date rollover completed successfully